Removed Pin From Net: NetName=XA12 Pin=R35-1
Removed Pin From Net: NetName=+D3.3V Pin=R35-2
Removed Pin From Net: NetName=XA13 Pin=R36-1
Removed Pin From Net: NetName=+D3.3V Pin=R36-2
Removed Pin From Net: NetName=XA14 Pin=R37-1
Removed Pin From Net: NetName=+D3.3V Pin=R37-2
Removed Pin From Net: NetName=XA15 Pin=R38-1
Removed Pin From Net: NetName=+D3.3V Pin=R38-2
Change Component DesignItemId : Designator=R31 Old DesignItemId=Res3 New DesignItemId=Res Semi
Change Component DesignItemId : Designator=R32 Old DesignItemId=Res3 New DesignItemId=Res Semi
Change Component DesignItemId : Designator=R33 Old DesignItemId=Res3 New DesignItemId=Res Semi
Change Component DesignItemId : Designator=R34 Old DesignItemId=Res3 New DesignItemId=Res Semi
Change Component DesignItemId : Designator=R35 Old DesignItemId=Res3 New DesignItemId=Res Semi
Change Component DesignItemId : Designator=R36 Old DesignItemId=Res3 New DesignItemId=Res Semi
Change Component DesignItemId : Designator=R37 Old DesignItemId=Res3 New DesignItemId=Res Semi
Change Component DesignItemId : Designator=R38 Old DesignItemId=Res3 New DesignItemId=Res Semi
Change Component Footprint: Designator=R31 Old Footprint=J1-0603 New Footprint=0805
Change Component Footprint: Designator=R32 Old Footprint=J1-0603 New Footprint=0805
Change Component Footprint: Designator=R33 Old Footprint=J1-0603 New Footprint=0805
Change Component Footprint: Designator=R34 Old Footprint=J1-0603 New Footprint=0805
Change Component Footprint: Designator=R35 Old Footprint=J1-0603 New Footprint=0805
Change Component Footprint: Designator=R36 Old Footprint=J1-0603 New Footprint=0805
Change Component Footprint: Designator=R37 Old Footprint=J1-0603 New Footprint=0805
Change Component Footprint: Designator=R38 Old Footprint=J1-0603 New Footprint=0805
Change Component Comment : Designator=R31 Old Comment=Res3 New Comment=Res
Change Component Comment : Designator=R32 Old Comment=Res3 New Comment=Res
Change Component Comment : Designator=R33 Old Comment=Res3 New Comment=Res
Change Component Comment : Designator=R34 Old Comment=Res3 New Comment=Res
Change Component Comment : Designator=R35 Old Comment=Res3 New Comment=Res
Change Component Comment : Designator=R36 Old Comment=Res3 New Comment=Res
Change Component Comment : Designator=R37 Old Comment=Res3 New Comment=Res
Change Component Comment : Designator=R38 Old Comment=Res3 New Comment=Res
Added Pin To Net: NetName=+D3.3V Pin=R35-1
Added Pin To Net: NetName=XA12 Pin=R35-2
Added Pin To Net: NetName=+D3.3V Pin=R36-1
Added Pin To Net: NetName=XA13 Pin=R36-2
Added Pin To Net: NetName=+D3.3V Pin=R37-1
Added Pin To Net: NetName=XA14 Pin=R37-2
Added Pin To Net: NetName=+D3.3V Pin=R38-1
Added Pin To Net: NetName=XA15 Pin=R38-2
