Removed Pin From Net: NetName=NetR42_1 Pin=U2-1
Removed Pin From Net: NetName=NetR42_1 Pin=U2-2
Removed Pin From Net: NetName=MagSense Pin=U2-3
Removed Pin From Net: NetName=TempSense Pin=U2-5
Removed Pin From Net: NetName=NetR43_1 Pin=U2-6
Removed Pin From Net: NetName=NetR43_1 Pin=U2-7
Removed Pin From Net: NetName=NetR44_1 Pin=U3-1
Removed Pin From Net: NetName=NetR44_1 Pin=U3-2
Removed Pin From Net: NetName=LightSense Pin=U3-3
Removed Pin From Net: NetName=PressureSense Pin=U3-5
Removed Pin From Net: NetName=NetR45_1 Pin=U3-6
Removed Pin From Net: NetName=NetR45_1 Pin=U3-7
Added Pin To Net: NetName=NetR43_1 Pin=U2-1
Added Pin To Net: NetName=NetR43_1 Pin=U2-2
Added Pin To Net: NetName=TempSense Pin=U2-3
Added Pin To Net: NetName=MagSense Pin=U2-5
Added Pin To Net: NetName=NetR42_1 Pin=U2-6
Added Pin To Net: NetName=NetR42_1 Pin=U2-7
Added Pin To Net: NetName=NetR45_1 Pin=U3-1
Added Pin To Net: NetName=NetR45_1 Pin=U3-2
Added Pin To Net: NetName=PressureSense Pin=U3-3
Added Pin To Net: NetName=LightSense Pin=U3-5
Added Pin To Net: NetName=NetR44_1 Pin=U3-6
Added Pin To Net: NetName=NetR44_1 Pin=U3-7
Added Rule: Name=Schematic Width Constraint_8
Added Rule: Name=Schematic Width Constraint_9
Added Rule: Name=Schematic Width Constraint_10
Added Rule: Name=Schematic Width Constraint_11
Added Rule: Name=Schematic Width Constraint_12
Added Rule: Name=Schematic Width Constraint_13
Added Rule: Name=Schematic Width Constraint_14
