Added Component: Designator=*(TSOP65P490X110-8N)
Added Component: Designator=C1(0805)
Added Component: Designator=C2(0805)
Added Component: Designator=C3(3528)
Added Component: Designator=C4(3528)
Added Component: Designator=C5(3528)
Added Component: Designator=C6(3528)
Added Component: Designator=C7(0805)
Added Component: Designator=C8(0805)
Added Component: Designator=C9(3528)
Added Component: Designator=C10(0805)
Added Component: Designator=C11(0805)
Added Component: Designator=C12(3528)
Added Component: Designator=C13(0805)
Added Component: Designator=C14(0805)
Added Component: Designator=C15(0805)
Added Component: Designator=C16(0805)
Added Component: Designator=C17(0805)
Added Component: Designator=C18(0805)
Added Component: Designator=C19(0805)
Added Component: Designator=C20(0805)
Added Component: Designator=C21(0805)
Added Component: Designator=C22(0805)
Added Component: Designator=C23(0805)
Added Component: Designator=C24(0805)
Added Component: Designator=C25(0805)
Added Component: Designator=C26(0805)
Added Component: Designator=C27(0805)
Added Component: Designator=C28(0805)
Added Component: Designator=C29(0805)
Added Component: Designator=C30(0805)
Added Component: Designator=C31(C0805)
Added Component: Designator=C32(RAD-0.3)
Added Component: Designator=C33(RAD-0.3)
Added Component: Designator=C34(RAD-0.3)
Added Component: Designator=C35(RAD-0.3)
Added Component: Designator=C36(RAD-0.3)
Added Component: Designator=C37(RAD-0.3)
Added Component: Designator=C38(RAD-0.3)
Added Component: Designator=C39(RAD-0.3)
Added Component: Designator=C40(0805)
Added Component: Designator=C41(0805)
Added Component: Designator=C42(0805)
Added Component: Designator=C43(0805)
Added Component: Designator=C44(0805)
Added Component: Designator=C45(0805)
Added Component: Designator=C46(0805)
Added Component: Designator=C47(0805)
Added Component: Designator=C48(0805)
Added Component: Designator=C49(0805)
Added Component: Designator=DSP BOOT(HDR2X4)
Added Component: Designator=FB1(CR2012-0805)
Added Component: Designator=FB2(CR2012-0805)
Added Component: Designator=FB3(CR2012-0805)
Added Component: Designator=JTAG_HEADER(HDR2X7)
Added Component: Designator=LED PWR(0805)
Added Component: Designator=MIC AMP(SO08)
Added Component: Designator=OSC1(Oscillator)
Added Component: Designator=P1(HDR1X2)
Added Component: Designator=P2(HDR1X2)
Added Component: Designator=P3(HDR1X2)
Added Component: Designator=P4(HDR1X2)
Added Component: Designator=P5(HDR1X2)
Added Component: Designator=P6(HDR1X4)
Added Component: Designator=P7(HDR1X4)
Added Component: Designator=P8(HDR1X4)
Added Component: Designator=P9(HDR1X4)
Added Component: Designator=R1(0805)
Added Component: Designator=R2(0805)
Added Component: Designator=R3(0805)
Added Component: Designator=R5(0805)
Added Component: Designator=R6(0805)
Added Component: Designator=R7(0805)
Added Component: Designator=R8(0805)
Added Component: Designator=R9(0805)
Added Component: Designator=R10(0805)
Added Component: Designator=R11(0805)
Added Component: Designator=R12(0805)
Added Component: Designator=R13(0805)
Added Component: Designator=R14(0805)
Added Component: Designator=R15(0805)
Added Component: Designator=R16(0805)
Added Component: Designator=R17(0805)
Added Component: Designator=R18(0805)
Added Component: Designator=R19(0805)
Added Component: Designator=R20(0805)
Added Component: Designator=R21(0805)
Added Component: Designator=R22(0805)
Added Component: Designator=R23(0805)
Added Component: Designator=R24(0805)
Added Component: Designator=R25(0805)
Added Component: Designator=R26(0805)
Added Component: Designator=R27(0805)
Added Component: Designator=R28(0805)
Added Component: Designator=R29(0805)
Added Component: Designator=R30(0805)
Added Component: Designator=R31(J1-0603)
Added Component: Designator=R32(J1-0603)
Added Component: Designator=R33(J1-0603)
Added Component: Designator=R34(J1-0603)
Added Component: Designator=R35(J1-0603)
Added Component: Designator=R36(J1-0603)
Added Component: Designator=R37(J1-0603)
Added Component: Designator=R38(J1-0603)
Added Component: Designator=R39(0805)
Added Component: Designator=R40(0805)
Added Component: Designator=R41(0805)
Added Component: Designator=R42(0805)
Added Component: Designator=R43(0805)
Added Component: Designator=R44(0805)
Added Component: Designator=R45(0805)
Added Component: Designator=RESET(SWITCH_2PAD_SMD)
Added Component: Designator=TL07(SO08)
Added Component: Designator=TL075(SO08)
Added Component: Designator=TRS(3.5mm jack GM)
Added Component: Designator=U1(QFP176)
Added Component: Designator=U2(SO08)
Added Component: Designator=U3(SO08)
Added Component: Designator=U7(PWP24)
Added Pin To Net: NetName=+A1.8V Pin=C6-1
Added Pin To Net: NetName=+A1.8V Pin=C7-2
Added Pin To Net: NetName=+A1.8V Pin=C8-2
Added Pin To Net: NetName=+A1.8V Pin=FB1-2
Added Pin To Net: NetName=+A1.8V Pin=U1-31
Added Pin To Net: NetName=+A1.8V Pin=U1-59
Added Net: Name=+A1.8V
Added Pin To Net: NetName=+A2.5V Pin=MIC AMP-5
Added Pin To Net: NetName=+A2.5V Pin=R9-1
Added Pin To Net: NetName=+A2.5V Pin=R10-2
Added Pin To Net: NetName=+A2.5V Pin=R12-2
Added Pin To Net: NetName=+A2.5V Pin=R15-1
Added Pin To Net: NetName=+A2.5V Pin=R18-1
Added Pin To Net: NetName=+A2.5V Pin=R21-1
Added Pin To Net: NetName=+A2.5V Pin=TL07-3
Added Pin To Net: NetName=+A2.5V Pin=TL07-5
Added Pin To Net: NetName=+A2.5V Pin=TL075-3
Added Pin To Net: NetName=+A2.5V Pin=TL075-5
Added Net: Name=+A2.5V
Added Pin To Net: NetName=+A3.3V Pin=C9-1
Added Pin To Net: NetName=+A3.3V Pin=C10-2
Added Pin To Net: NetName=+A3.3V Pin=C11-2
Added Pin To Net: NetName=+A3.3V Pin=FB2-2
Added Pin To Net: NetName=+A3.3V Pin=U1-34
Added Pin To Net: NetName=+A3.3V Pin=U1-45
Added Pin To Net: NetName=+A3.3V Pin=U2-8
Added Pin To Net: NetName=+A3.3V Pin=U3-8
Added Net: Name=+A3.3V
Added Pin To Net: NetName=+A5.0V Pin=*-1
Added Pin To Net: NetName=+A5.0V Pin=*-8
Added Pin To Net: NetName=+A5.0V Pin=C31-1
Added Pin To Net: NetName=+A5.0V Pin=C40-1
Added Pin To Net: NetName=+A5.0V Pin=MIC AMP-8
Added Pin To Net: NetName=+A5.0V Pin=R5-1
Added Pin To Net: NetName=+A5.0V Pin=R6-1
Added Pin To Net: NetName=+A5.0V Pin=R9-2
Added Pin To Net: NetName=+A5.0V Pin=TL07-8
Added Pin To Net: NetName=+A5.0V Pin=TL075-8
Added Net: Name=+A5.0V
Added Pin To Net: NetName=+D1.8V Pin=C5-1
Added Pin To Net: NetName=+D1.8V Pin=C12-1
Added Pin To Net: NetName=+D1.8V Pin=C13-2
Added Pin To Net: NetName=+D1.8V Pin=C14-2
Added Pin To Net: NetName=+D1.8V Pin=C15-2
Added Pin To Net: NetName=+D1.8V Pin=C16-2
Added Pin To Net: NetName=+D1.8V Pin=C17-2
Added Pin To Net: NetName=+D1.8V Pin=C18-2
Added Pin To Net: NetName=+D1.8V Pin=C19-2
Added Pin To Net: NetName=+D1.8V Pin=C20-2
Added Pin To Net: NetName=+D1.8V Pin=C21-2
Added Pin To Net: NetName=+D1.8V Pin=FB1-1
Added Pin To Net: NetName=+D1.8V Pin=U1-4
Added Pin To Net: NetName=+D1.8V Pin=U1-15
Added Pin To Net: NetName=+D1.8V Pin=U1-23
Added Pin To Net: NetName=+D1.8V Pin=U1-29
Added Pin To Net: NetName=+D1.8V Pin=U1-61
Added Pin To Net: NetName=+D1.8V Pin=U1-101
Added Pin To Net: NetName=+D1.8V Pin=U1-109
Added Pin To Net: NetName=+D1.8V Pin=U1-117
Added Pin To Net: NetName=+D1.8V Pin=U1-126
Added Pin To Net: NetName=+D1.8V Pin=U1-139
Added Pin To Net: NetName=+D1.8V Pin=U1-146
Added Pin To Net: NetName=+D1.8V Pin=U1-154
Added Pin To Net: NetName=+D1.8V Pin=U1-167
Added Pin To Net: NetName=+D1.8V Pin=U7-14
Added Pin To Net: NetName=+D1.8V Pin=U7-15
Added Pin To Net: NetName=+D1.8V Pin=U7-16
Added Net: Name=+D1.8V
Added Pin To Net: NetName=+D3.3V Pin=C4-1
Added Pin To Net: NetName=+D3.3V Pin=C22-2
Added Pin To Net: NetName=+D3.3V Pin=C23-2
Added Pin To Net: NetName=+D3.3V Pin=C24-2
Added Pin To Net: NetName=+D3.3V Pin=C25-2
Added Pin To Net: NetName=+D3.3V Pin=C26-2
Added Pin To Net: NetName=+D3.3V Pin=C27-2
Added Pin To Net: NetName=+D3.3V Pin=C28-2
Added Pin To Net: NetName=+D3.3V Pin=C29-2
Added Pin To Net: NetName=+D3.3V Pin=C30-2
Added Pin To Net: NetName=+D3.3V Pin=FB2-1
Added Pin To Net: NetName=+D3.3V Pin=OSC1-1
Added Pin To Net: NetName=+D3.3V Pin=OSC1-4
Added Pin To Net: NetName=+D3.3V Pin=P7-1
Added Pin To Net: NetName=+D3.3V Pin=P7-2
Added Pin To Net: NetName=+D3.3V Pin=P7-3
Added Pin To Net: NetName=+D3.3V Pin=P7-4
Added Pin To Net: NetName=+D3.3V Pin=R1-2
Added Pin To Net: NetName=+D3.3V Pin=R2-2
Added Pin To Net: NetName=+D3.3V Pin=R3-1
Added Pin To Net: NetName=+D3.3V Pin=R23-2
Added Pin To Net: NetName=+D3.3V Pin=R24-2
Added Pin To Net: NetName=+D3.3V Pin=R25-2
Added Pin To Net: NetName=+D3.3V Pin=R26-1
Added Pin To Net: NetName=+D3.3V Pin=R27-2
Added Pin To Net: NetName=+D3.3V Pin=R28-2
Added Pin To Net: NetName=+D3.3V Pin=R35-2
Added Pin To Net: NetName=+D3.3V Pin=R36-2
Added Pin To Net: NetName=+D3.3V Pin=R37-2
Added Pin To Net: NetName=+D3.3V Pin=R38-2
Added Pin To Net: NetName=+D3.3V Pin=U1-9
Added Pin To Net: NetName=+D3.3V Pin=U1-71
Added Pin To Net: NetName=+D3.3V Pin=U1-84
Added Pin To Net: NetName=+D3.3V Pin=U1-93
Added Pin To Net: NetName=+D3.3V Pin=U1-107
Added Pin To Net: NetName=+D3.3V Pin=U1-121
Added Pin To Net: NetName=+D3.3V Pin=U1-143
Added Pin To Net: NetName=+D3.3V Pin=U1-159
Added Pin To Net: NetName=+D3.3V Pin=U1-170
Added Pin To Net: NetName=+D3.3V Pin=U7-21
Added Pin To Net: NetName=+D3.3V Pin=U7-22
Added Pin To Net: NetName=+D3.3V Pin=U7-23
Added Net: Name=+D3.3V
Added Pin To Net: NetName=+D5.0V Pin=C1-2
Added Pin To Net: NetName=+D5.0V Pin=C2-2
Added Pin To Net: NetName=+D5.0V Pin=C3-1
Added Pin To Net: NetName=+D5.0V Pin=P6-1
Added Pin To Net: NetName=+D5.0V Pin=P6-2
Added Pin To Net: NetName=+D5.0V Pin=P6-3
Added Pin To Net: NetName=+D5.0V Pin=P6-4
Added Pin To Net: NetName=+D5.0V Pin=U7-2
Added Pin To Net: NetName=+D5.0V Pin=U7-3
Added Pin To Net: NetName=+D5.0V Pin=U7-10
Added Pin To Net: NetName=+D5.0V Pin=U7-11
Added Net: Name=+D5.0V
Added Pin To Net: NetName=/RST_SWITCH Pin=RESET-2
Added Pin To Net: NetName=/RST_SWITCH Pin=U7-6
Added Net: Name=/RST_SWITCH
Added Pin To Net: NetName=ADCINA0 Pin=C46-2
Added Pin To Net: NetName=ADCINA0 Pin=R42-2
Added Pin To Net: NetName=ADCINA0 Pin=U1-42
Added Net: Name=ADCINA0
Added Pin To Net: NetName=ADCINA1 Pin=C47-2
Added Pin To Net: NetName=ADCINA1 Pin=R43-2
Added Pin To Net: NetName=ADCINA1 Pin=U1-41
Added Net: Name=ADCINA1
Added Pin To Net: NetName=ADCINA2 Pin=C48-2
Added Pin To Net: NetName=ADCINA2 Pin=R44-2
Added Pin To Net: NetName=ADCINA2 Pin=U1-40
Added Net: Name=ADCINA2
Added Pin To Net: NetName=ADCINA3 Pin=C49-2
Added Pin To Net: NetName=ADCINA3 Pin=R45-2
Added Pin To Net: NetName=ADCINA3 Pin=U1-39
Added Net: Name=ADCINA3
Added Pin To Net: NetName=ADCINA4 Pin=*-3
Added Pin To Net: NetName=ADCINA4 Pin=*-4
Added Pin To Net: NetName=ADCINA4 Pin=C6-2
Added Pin To Net: NetName=ADCINA4 Pin=C7-1
Added Pin To Net: NetName=ADCINA4 Pin=C8-1
Added Pin To Net: NetName=ADCINA4 Pin=C9-2
Added Pin To Net: NetName=ADCINA4 Pin=C10-1
Added Pin To Net: NetName=ADCINA4 Pin=C11-1
Added Pin To Net: NetName=ADCINA4 Pin=C44-2
Added Pin To Net: NetName=ADCINA4 Pin=C45-2
Added Pin To Net: NetName=ADCINA4 Pin=C46-1
Added Pin To Net: NetName=ADCINA4 Pin=C47-1
Added Pin To Net: NetName=ADCINA4 Pin=C48-1
Added Pin To Net: NetName=ADCINA4 Pin=C49-1
Added Pin To Net: NetName=ADCINA4 Pin=FB3-2
Added Pin To Net: NetName=ADCINA4 Pin=MIC AMP-3
Added Pin To Net: NetName=ADCINA4 Pin=MIC AMP-4
Added Pin To Net: NetName=ADCINA4 Pin=P8-1
Added Pin To Net: NetName=ADCINA4 Pin=P8-2
Added Pin To Net: NetName=ADCINA4 Pin=P8-3
Added Pin To Net: NetName=ADCINA4 Pin=P8-4
Added Pin To Net: NetName=ADCINA4 Pin=R10-1
Added Pin To Net: NetName=ADCINA4 Pin=R40-1
Added Pin To Net: NetName=ADCINA4 Pin=TL07-4
Added Pin To Net: NetName=ADCINA4 Pin=TL075-4
Added Pin To Net: NetName=ADCINA4 Pin=TRS-1
Added Pin To Net: NetName=ADCINA4 Pin=U1-32
Added Pin To Net: NetName=ADCINA4 Pin=U1-33
Added Pin To Net: NetName=ADCINA4 Pin=U1-35
Added Pin To Net: NetName=ADCINA4 Pin=U1-36
Added Pin To Net: NetName=ADCINA4 Pin=U1-37
Added Pin To Net: NetName=ADCINA4 Pin=U1-38
Added Pin To Net: NetName=ADCINA4 Pin=U1-43
Added Pin To Net: NetName=ADCINA4 Pin=U1-44
Added Pin To Net: NetName=ADCINA4 Pin=U1-46
Added Pin To Net: NetName=ADCINA4 Pin=U1-47
Added Pin To Net: NetName=ADCINA4 Pin=U1-48
Added Pin To Net: NetName=ADCINA4 Pin=U1-49
Added Pin To Net: NetName=ADCINA4 Pin=U1-50
Added Pin To Net: NetName=ADCINA4 Pin=U1-51
Added Pin To Net: NetName=ADCINA4 Pin=U1-52
Added Pin To Net: NetName=ADCINA4 Pin=U1-53
Added Pin To Net: NetName=ADCINA4 Pin=U1-58
Added Pin To Net: NetName=ADCINA4 Pin=U2-4
Added Pin To Net: NetName=ADCINA4 Pin=U3-4
Added Net: Name=ADCINA4
Added Pin To Net: NetName=ADCREFIN Pin=U1-54
Added Net: Name=ADCREFIN
Added Pin To Net: NetName=ADCREFM Pin=C45-1
Added Pin To Net: NetName=ADCREFM Pin=U1-55
Added Net: Name=ADCREFM
Added Pin To Net: NetName=ADCREFP Pin=C44-1
Added Pin To Net: NetName=ADCREFP Pin=U1-56
Added Net: Name=ADCREFP
Added Pin To Net: NetName=ADCRESEXT Pin=R40-2
Added Pin To Net: NetName=ADCRESEXT Pin=U1-57
Added Net: Name=ADCRESEXT
Added Pin To Net: NetName=ADS_CSN Pin=*-5
Added Pin To Net: NetName=ADS_CSN Pin=U1-73
Added Net: Name=ADS_CSN
Added Pin To Net: NetName=ADS_DCLK Pin=*-7
Added Pin To Net: NetName=ADS_DCLK Pin=U1-72
Added Net: Name=ADS_DCLK
Added Pin To Net: NetName=ADS_DOUT Pin=*-6
Added Pin To Net: NetName=ADS_DOUT Pin=U1-69
Added Net: Name=ADS_DOUT
Added Pin To Net: NetName=EMU0_DSP Pin=C42-2
Added Pin To Net: NetName=EMU0_DSP Pin=JTAG_HEADER-13
Added Pin To Net: NetName=EMU0_DSP Pin=R26-2
Added Pin To Net: NetName=EMU0_DSP Pin=U1-85
Added Net: Name=EMU0_DSP
Added Pin To Net: NetName=EMU1_DSP Pin=C43-2
Added Pin To Net: NetName=EMU1_DSP Pin=JTAG_HEADER-14
Added Pin To Net: NetName=EMU1_DSP Pin=R27-1
Added Pin To Net: NetName=EMU1_DSP Pin=U1-86
Added Net: Name=EMU1_DSP
Added Pin To Net: NetName=FILTER OUT Pin=*-2
Added Pin To Net: NetName=FILTER OUT Pin=C39-2
Added Pin To Net: NetName=FILTER OUT Pin=R22-1
Added Pin To Net: NetName=FILTER OUT Pin=TL075-7
Added Net: Name=FILTER OUT
Added Pin To Net: NetName=GND Pin=C1-1
Added Pin To Net: NetName=GND Pin=C2-1
Added Pin To Net: NetName=GND Pin=C3-2
Added Pin To Net: NetName=GND Pin=C4-2
Added Pin To Net: NetName=GND Pin=C5-2
Added Pin To Net: NetName=GND Pin=C12-2
Added Pin To Net: NetName=GND Pin=C13-1
Added Pin To Net: NetName=GND Pin=C14-1
Added Pin To Net: NetName=GND Pin=C15-1
Added Pin To Net: NetName=GND Pin=C16-1
Added Pin To Net: NetName=GND Pin=C17-1
Added Pin To Net: NetName=GND Pin=C18-1
Added Pin To Net: NetName=GND Pin=C19-1
Added Pin To Net: NetName=GND Pin=C20-1
Added Pin To Net: NetName=GND Pin=C21-1
Added Pin To Net: NetName=GND Pin=C22-1
Added Pin To Net: NetName=GND Pin=C23-1
Added Pin To Net: NetName=GND Pin=C24-1
Added Pin To Net: NetName=GND Pin=C25-1
Added Pin To Net: NetName=GND Pin=C26-1
Added Pin To Net: NetName=GND Pin=C27-1
Added Pin To Net: NetName=GND Pin=C28-1
Added Pin To Net: NetName=GND Pin=C29-1
Added Pin To Net: NetName=GND Pin=C30-1
Added Pin To Net: NetName=GND Pin=C40-2
Added Pin To Net: NetName=GND Pin=C41-1
Added Pin To Net: NetName=GND Pin=C42-1
Added Pin To Net: NetName=GND Pin=C43-1
Added Pin To Net: NetName=GND Pin=FB3-1
Added Pin To Net: NetName=GND Pin=JTAG_HEADER-4
Added Pin To Net: NetName=GND Pin=JTAG_HEADER-6
Added Pin To Net: NetName=GND Pin=JTAG_HEADER-8
Added Pin To Net: NetName=GND Pin=JTAG_HEADER-10
Added Pin To Net: NetName=GND Pin=JTAG_HEADER-12
Added Pin To Net: NetName=GND Pin=LED PWR-2
Added Pin To Net: NetName=GND Pin=OSC1-2
Added Pin To Net: NetName=GND Pin=P9-1
Added Pin To Net: NetName=GND Pin=P9-2
Added Pin To Net: NetName=GND Pin=P9-3
Added Pin To Net: NetName=GND Pin=P9-4
Added Pin To Net: NetName=GND Pin=R29-2
Added Pin To Net: NetName=GND Pin=R31-2
Added Pin To Net: NetName=GND Pin=R32-2
Added Pin To Net: NetName=GND Pin=R33-2
Added Pin To Net: NetName=GND Pin=R34-2
Added Pin To Net: NetName=GND Pin=R41-2
Added Pin To Net: NetName=GND Pin=RESET-1
Added Pin To Net: NetName=GND Pin=U1-3
Added Pin To Net: NetName=GND Pin=U1-8
Added Pin To Net: NetName=GND Pin=U1-14
Added Pin To Net: NetName=GND Pin=U1-22
Added Pin To Net: NetName=GND Pin=U1-30
Added Pin To Net: NetName=GND Pin=U1-60
Added Pin To Net: NetName=GND Pin=U1-70
Added Pin To Net: NetName=GND Pin=U1-83
Added Pin To Net: NetName=GND Pin=U1-92
Added Pin To Net: NetName=GND Pin=U1-103
Added Pin To Net: NetName=GND Pin=U1-104
Added Pin To Net: NetName=GND Pin=U1-106
Added Pin To Net: NetName=GND Pin=U1-108
Added Pin To Net: NetName=GND Pin=U1-118
Added Pin To Net: NetName=GND Pin=U1-120
Added Pin To Net: NetName=GND Pin=U1-125
Added Pin To Net: NetName=GND Pin=U1-140
Added Pin To Net: NetName=GND Pin=U1-144
Added Pin To Net: NetName=GND Pin=U1-147
Added Pin To Net: NetName=GND Pin=U1-155
Added Pin To Net: NetName=GND Pin=U1-160
Added Pin To Net: NetName=GND Pin=U1-166
Added Pin To Net: NetName=GND Pin=U1-171
Added Pin To Net: NetName=GND Pin=U7-1
Added Pin To Net: NetName=GND Pin=U7-1
Added Pin To Net: NetName=GND Pin=U7-1
Added Pin To Net: NetName=GND Pin=U7-1
Added Pin To Net: NetName=GND Pin=U7-7
Added Pin To Net: NetName=GND Pin=U7-9
Added Pin To Net: NetName=GND Pin=U7-12
Added Pin To Net: NetName=GND Pin=U7-13
Added Pin To Net: NetName=GND Pin=U7-24
Added Net: Name=GND
Added Pin To Net: NetName=GPIO4 Pin=U1-11
Added Net: Name=GPIO4
Added Pin To Net: NetName=GPIO5 Pin=U1-12
Added Net: Name=GPIO5
Added Pin To Net: NetName=GPIO6 Pin=U1-13
Added Net: Name=GPIO6
Added Pin To Net: NetName=GPIO7 Pin=U1-16
Added Net: Name=GPIO7
Added Pin To Net: NetName=GPIO8 Pin=U1-17
Added Net: Name=GPIO8
Added Pin To Net: NetName=GPIO9 Pin=U1-18
Added Net: Name=GPIO9
Added Pin To Net: NetName=GPIO10 Pin=U1-19
Added Net: Name=GPIO10
Added Pin To Net: NetName=GPIO11 Pin=U1-20
Added Net: Name=GPIO11
Added Pin To Net: NetName=GPIO12 Pin=U1-21
Added Net: Name=GPIO12
Added Pin To Net: NetName=GPIO13 Pin=U1-24
Added Net: Name=GPIO13
Added Pin To Net: NetName=GPIO14 Pin=U1-25
Added Net: Name=GPIO14
Added Pin To Net: NetName=GPIO15 Pin=U1-26
Added Net: Name=GPIO15
Added Pin To Net: NetName=GPIO16 Pin=U1-27
Added Net: Name=GPIO16
Added Pin To Net: NetName=GPIO17 Pin=U1-28
Added Net: Name=GPIO17
Added Pin To Net: NetName=GPIO18 Pin=U1-62
Added Net: Name=GPIO18
Added Pin To Net: NetName=GPIO19 Pin=U1-63
Added Net: Name=GPIO19
Added Pin To Net: NetName=GPIO20 Pin=U1-64
Added Net: Name=GPIO20
Added Pin To Net: NetName=GPIO21 Pin=U1-65
Added Net: Name=GPIO21
Added Pin To Net: NetName=GPIO24 Pin=U1-68
Added Net: Name=GPIO24
Added Pin To Net: NetName=GPIO32 Pin=U1-74
Added Net: Name=GPIO32
Added Pin To Net: NetName=GPIO33 Pin=U1-75
Added Net: Name=GPIO33
Added Pin To Net: NetName=GPIO48 Pin=U1-88
Added Net: Name=GPIO48
Added Pin To Net: NetName=GPIO49 Pin=U1-89
Added Net: Name=GPIO49
Added Pin To Net: NetName=GPIO50 Pin=U1-90
Added Net: Name=GPIO50
Added Pin To Net: NetName=GPIO51 Pin=U1-91
Added Net: Name=GPIO51
Added Pin To Net: NetName=GPIO52 Pin=U1-94
Added Net: Name=GPIO52
Added Pin To Net: NetName=GPIO53 Pin=U1-95
Added Net: Name=GPIO53
Added Pin To Net: NetName=GPIO54 Pin=U1-96
Added Net: Name=GPIO54
Added Pin To Net: NetName=GPIO55 Pin=U1-97
Added Net: Name=GPIO55
Added Pin To Net: NetName=GPIO56 Pin=U1-98
Added Net: Name=GPIO56
Added Pin To Net: NetName=GPIO57 Pin=U1-99
Added Net: Name=GPIO57
Added Pin To Net: NetName=GPIO58 Pin=U1-100
Added Net: Name=GPIO58
Added Pin To Net: NetName=GPIO59 Pin=U1-110
Added Net: Name=GPIO59
Added Pin To Net: NetName=GPIO60 Pin=U1-111
Added Net: Name=GPIO60
Added Pin To Net: NetName=GPIO61 Pin=U1-112
Added Net: Name=GPIO61
Added Pin To Net: NetName=GPIO62 Pin=U1-113
Added Net: Name=GPIO62
Added Pin To Net: NetName=GPIO63 Pin=U1-114
Added Net: Name=GPIO63
Added Pin To Net: NetName=LED_ENABLE Pin=P2-2
Added Pin To Net: NetName=LED_ENABLE Pin=U1-6
Added Net: Name=LED_ENABLE
Added Pin To Net: NetName=LIGHTSENSE Pin=P4-2
Added Pin To Net: NetName=LIGHTSENSE Pin=U3-3
Added Net: Name=LIGHTSENSE
Added Pin To Net: NetName=LOCK_ENABLE Pin=P1-2
Added Pin To Net: NetName=LOCK_ENABLE Pin=U1-10
Added Net: Name=LOCK_ENABLE
Added Pin To Net: NetName=MAGSENSE Pin=P1-1
Added Pin To Net: NetName=MAGSENSE Pin=U2-3
Added Net: Name=MAGSENSE
Added Pin To Net: NetName=MIC OUT Pin=MIC AMP-7
Added Pin To Net: NetName=MIC OUT Pin=R8-1
Added Pin To Net: NetName=MIC OUT Pin=R11-2
Added Net: Name=MIC OUT
Added Pin To Net: NetName=NetC31_2 Pin=C31-2
Added Pin To Net: NetName=NetC31_2 Pin=R7-2
Added Net: Name=NetC31_2
Added Pin To Net: NetName=NetC32_1 Pin=C32-1
Added Pin To Net: NetName=NetC32_1 Pin=C33-1
Added Pin To Net: NetName=NetC32_1 Pin=R11-1
Added Pin To Net: NetName=NetC32_1 Pin=R12-1
Added Net: Name=NetC32_1
Added Pin To Net: NetName=NetC32_2 Pin=C32-2
Added Pin To Net: NetName=NetC32_2 Pin=R13-2
Added Pin To Net: NetName=NetC32_2 Pin=TL07-2
Added Net: Name=NetC32_2
Added Pin To Net: NetName=NetC33_2 Pin=C33-2
Added Pin To Net: NetName=NetC33_2 Pin=R13-1
Added Pin To Net: NetName=NetC33_2 Pin=R14-2
Added Pin To Net: NetName=NetC33_2 Pin=TL07-1
Added Net: Name=NetC33_2
Added Pin To Net: NetName=NetC34_1 Pin=C34-1
Added Pin To Net: NetName=NetC34_1 Pin=C35-1
Added Pin To Net: NetName=NetC34_1 Pin=R14-1
Added Pin To Net: NetName=NetC34_1 Pin=R15-2
Added Net: Name=NetC34_1
Added Pin To Net: NetName=NetC34_2 Pin=C34-2
Added Pin To Net: NetName=NetC34_2 Pin=R16-2
Added Pin To Net: NetName=NetC34_2 Pin=TL07-6
Added Net: Name=NetC34_2
Added Pin To Net: NetName=NetC35_2 Pin=C35-2
Added Pin To Net: NetName=NetC35_2 Pin=R16-1
Added Pin To Net: NetName=NetC35_2 Pin=R17-2
Added Pin To Net: NetName=NetC35_2 Pin=TL07-7
Added Net: Name=NetC35_2
Added Pin To Net: NetName=NetC36_1 Pin=C36-1
Added Pin To Net: NetName=NetC36_1 Pin=C37-1
Added Pin To Net: NetName=NetC36_1 Pin=R17-1
Added Pin To Net: NetName=NetC36_1 Pin=R18-2
Added Net: Name=NetC36_1
Added Pin To Net: NetName=NetC36_2 Pin=C36-2
Added Pin To Net: NetName=NetC36_2 Pin=R19-2
Added Pin To Net: NetName=NetC36_2 Pin=TL075-2
Added Net: Name=NetC36_2
Added Pin To Net: NetName=NetC37_2 Pin=C37-2
Added Pin To Net: NetName=NetC37_2 Pin=R19-1
Added Pin To Net: NetName=NetC37_2 Pin=R20-2
Added Pin To Net: NetName=NetC37_2 Pin=TL075-1
Added Net: Name=NetC37_2
Added Pin To Net: NetName=NetC38_1 Pin=C38-1
Added Pin To Net: NetName=NetC38_1 Pin=C39-1
Added Pin To Net: NetName=NetC38_1 Pin=R20-1
Added Pin To Net: NetName=NetC38_1 Pin=R21-2
Added Net: Name=NetC38_1
Added Pin To Net: NetName=NetC38_2 Pin=C38-2
Added Pin To Net: NetName=NetC38_2 Pin=R22-2
Added Pin To Net: NetName=NetC38_2 Pin=TL075-6
Added Net: Name=NetC38_2
Added Pin To Net: NetName=NetDSP BOOT_1 Pin=DSP BOOT-1
Added Pin To Net: NetName=NetDSP BOOT_1 Pin=R31-1
Added Net: Name=NetDSP BOOT_1
Added Pin To Net: NetName=NetDSP BOOT_3 Pin=DSP BOOT-3
Added Pin To Net: NetName=NetDSP BOOT_3 Pin=R32-1
Added Net: Name=NetDSP BOOT_3
Added Pin To Net: NetName=NetDSP BOOT_5 Pin=DSP BOOT-5
Added Pin To Net: NetName=NetDSP BOOT_5 Pin=R33-1
Added Net: Name=NetDSP BOOT_5
Added Pin To Net: NetName=NetDSP BOOT_7 Pin=DSP BOOT-7
Added Pin To Net: NetName=NetDSP BOOT_7 Pin=R34-1
Added Net: Name=NetDSP BOOT_7
Added Pin To Net: NetName=NetJTAG_HEADER_5 Pin=JTAG_HEADER-5
Added Pin To Net: NetName=NetJTAG_HEADER_5 Pin=R28-1
Added Net: Name=NetJTAG_HEADER_5
Added Pin To Net: NetName=NetLED PWR_1 Pin=LED PWR-1
Added Pin To Net: NetName=NetLED PWR_1 Pin=R3-2
Added Net: Name=NetLED PWR_1
Added Pin To Net: NetName=NetMIC AMP_1 Pin=MIC AMP-1
Added Pin To Net: NetName=NetMIC AMP_1 Pin=MIC AMP-2
Added Net: Name=NetMIC AMP_1
Added Pin To Net: NetName=NetMIC AMP_6 Pin=MIC AMP-6
Added Pin To Net: NetName=NetMIC AMP_6 Pin=R7-1
Added Pin To Net: NetName=NetMIC AMP_6 Pin=R8-2
Added Net: Name=NetMIC AMP_6
Added Pin To Net: NetName=NetOSC1_3 Pin=OSC1-3
Added Pin To Net: NetName=NetOSC1_3 Pin=R30-1
Added Net: Name=NetOSC1_3
Added Pin To Net: NetName=NetR5_2 Pin=R5-2
Added Pin To Net: NetName=NetR5_2 Pin=TRS-2
Added Net: Name=NetR5_2
Added Pin To Net: NetName=NetR6_2 Pin=R6-2
Added Pin To Net: NetName=NetR6_2 Pin=TRS-4
Added Net: Name=NetR6_2
Added Pin To Net: NetName=NetR39_1 Pin=R39-1
Added Pin To Net: NetName=NetR39_1 Pin=U1-138
Added Net: Name=NetR39_1
Added Pin To Net: NetName=NetR42_1 Pin=R42-1
Added Pin To Net: NetName=NetR42_1 Pin=U2-1
Added Pin To Net: NetName=NetR42_1 Pin=U2-2
Added Net: Name=NetR42_1
Added Pin To Net: NetName=NetR43_1 Pin=R43-1
Added Pin To Net: NetName=NetR43_1 Pin=U2-6
Added Pin To Net: NetName=NetR43_1 Pin=U2-7
Added Net: Name=NetR43_1
Added Pin To Net: NetName=NetR44_1 Pin=R44-1
Added Pin To Net: NetName=NetR44_1 Pin=U3-1
Added Pin To Net: NetName=NetR44_1 Pin=U3-2
Added Net: Name=NetR44_1
Added Pin To Net: NetName=NetR45_1 Pin=R45-1
Added Pin To Net: NetName=NetR45_1 Pin=U3-6
Added Pin To Net: NetName=NetR45_1 Pin=U3-7
Added Net: Name=NetR45_1
Added Pin To Net: NetName=PG1 Pin=R1-1
Added Pin To Net: NetName=PG1 Pin=U7-19
Added Net: Name=PG1
Added Pin To Net: NetName=PRESSURESENSE Pin=P5-1
Added Pin To Net: NetName=PRESSURESENSE Pin=U3-5
Added Net: Name=PRESSURESENSE
Added Pin To Net: NetName=PWM_FAN Pin=P2-1
Added Pin To Net: NetName=PWM_FAN Pin=U1-5
Added Net: Name=PWM_FAN
Added Pin To Net: NetName=PWM_PUMP Pin=P5-2
Added Pin To Net: NetName=PWM_PUMP Pin=U1-7
Added Net: Name=PWM_PUMP
Added Pin To Net: NetName=TCK_DSP Pin=JTAG_HEADER-9
Added Pin To Net: NetName=TCK_DSP Pin=JTAG_HEADER-11
Added Pin To Net: NetName=TCK_DSP Pin=R23-1
Added Pin To Net: NetName=TCK_DSP Pin=U1-87
Added Net: Name=TCK_DSP
Added Pin To Net: NetName=TDI_DSP Pin=JTAG_HEADER-3
Added Pin To Net: NetName=TDI_DSP Pin=R24-1
Added Pin To Net: NetName=TDI_DSP Pin=U1-76
Added Net: Name=TDI_DSP
Added Pin To Net: NetName=TDO_DSP Pin=JTAG_HEADER-7
Added Pin To Net: NetName=TDO_DSP Pin=U1-77
Added Net: Name=TDO_DSP
Added Pin To Net: NetName=TEMPSENSE Pin=P4-1
Added Pin To Net: NetName=TEMPSENSE Pin=U2-5
Added Net: Name=TEMPSENSE
Added Pin To Net: NetName=TMS_DSP Pin=JTAG_HEADER-1
Added Pin To Net: NetName=TMS_DSP Pin=R25-1
Added Pin To Net: NetName=TMS_DSP Pin=U1-79
Added Net: Name=TMS_DSP
Added Pin To Net: NetName=TRSTN_DSP Pin=C41-2
Added Pin To Net: NetName=TRSTN_DSP Pin=JTAG_HEADER-2
Added Pin To Net: NetName=TRSTN_DSP Pin=R29-1
Added Pin To Net: NetName=TRSTN_DSP Pin=R41-1
Added Pin To Net: NetName=TRSTN_DSP Pin=U1-78
Added Net: Name=TRSTN_DSP
Added Pin To Net: NetName=UART_RXD Pin=P3-2
Added Pin To Net: NetName=UART_RXD Pin=U1-67
Added Net: Name=UART_RXD
Added Pin To Net: NetName=UART_TXD Pin=P3-1
Added Pin To Net: NetName=UART_TXD Pin=U1-66
Added Net: Name=UART_TXD
Added Pin To Net: NetName=XA0 Pin=U1-151
Added Net: Name=XA0
Added Pin To Net: NetName=XA1 Pin=U1-152
Added Net: Name=XA1
Added Pin To Net: NetName=XA2 Pin=U1-153
Added Net: Name=XA2
Added Pin To Net: NetName=XA3 Pin=U1-156
Added Net: Name=XA3
Added Pin To Net: NetName=XA4 Pin=U1-157
Added Net: Name=XA4
Added Pin To Net: NetName=XA5 Pin=U1-158
Added Net: Name=XA5
Added Pin To Net: NetName=XA6 Pin=U1-161
Added Net: Name=XA6
Added Pin To Net: NetName=XA7 Pin=U1-162
Added Net: Name=XA7
Added Pin To Net: NetName=XA8 Pin=U1-163
Added Net: Name=XA8
Added Pin To Net: NetName=XA9 Pin=U1-164
Added Net: Name=XA9
Added Pin To Net: NetName=XA10 Pin=U1-165
Added Net: Name=XA10
Added Pin To Net: NetName=XA11 Pin=U1-168
Added Net: Name=XA11
Added Pin To Net: NetName=XA12 Pin=DSP BOOT-2
Added Pin To Net: NetName=XA12 Pin=R35-1
Added Pin To Net: NetName=XA12 Pin=U1-169
Added Net: Name=XA12
Added Pin To Net: NetName=XA13 Pin=DSP BOOT-4
Added Pin To Net: NetName=XA13 Pin=R36-1
Added Pin To Net: NetName=XA13 Pin=U1-172
Added Net: Name=XA13
Added Pin To Net: NetName=XA14 Pin=DSP BOOT-6
Added Pin To Net: NetName=XA14 Pin=R37-1
Added Pin To Net: NetName=XA14 Pin=U1-173
Added Net: Name=XA14
Added Pin To Net: NetName=XA15 Pin=DSP BOOT-8
Added Pin To Net: NetName=XA15 Pin=R38-1
Added Pin To Net: NetName=XA15 Pin=U1-174
Added Net: Name=XA15
Added Pin To Net: NetName=XA16 Pin=U1-175
Added Net: Name=XA16
Added Pin To Net: NetName=XA17 Pin=U1-176
Added Net: Name=XA17
Added Pin To Net: NetName=XA18 Pin=U1-1
Added Net: Name=XA18
Added Pin To Net: NetName=XA19 Pin=U1-2
Added Net: Name=XA19
Added Pin To Net: NetName=XCLKIN Pin=R30-2
Added Pin To Net: NetName=XCLKIN Pin=U1-105
Added Net: Name=XCLKIN
Added Pin To Net: NetName=XCLKOUT Pin=R39-2
Added Net: Name=XCLKOUT
Added Pin To Net: NetName=XD0 Pin=U1-136
Added Net: Name=XD0
Added Pin To Net: NetName=XD1 Pin=U1-135
Added Net: Name=XD1
Added Pin To Net: NetName=XD2 Pin=U1-134
Added Net: Name=XD2
Added Pin To Net: NetName=XD3 Pin=U1-133
Added Net: Name=XD3
Added Pin To Net: NetName=XD4 Pin=U1-132
Added Net: Name=XD4
Added Pin To Net: NetName=XD5 Pin=U1-131
Added Net: Name=XD5
Added Pin To Net: NetName=XD6 Pin=U1-130
Added Net: Name=XD6
Added Pin To Net: NetName=XD7 Pin=U1-129
Added Net: Name=XD7
Added Pin To Net: NetName=XD8 Pin=U1-128
Added Net: Name=XD8
Added Pin To Net: NetName=XD9 Pin=U1-127
Added Net: Name=XD9
Added Pin To Net: NetName=XD10 Pin=U1-124
Added Net: Name=XD10
Added Pin To Net: NetName=XD11 Pin=U1-123
Added Net: Name=XD11
Added Pin To Net: NetName=XD12 Pin=U1-122
Added Net: Name=XD12
Added Pin To Net: NetName=XD13 Pin=U1-119
Added Net: Name=XD13
Added Pin To Net: NetName=XD14 Pin=U1-116
Added Net: Name=XD14
Added Pin To Net: NetName=XD15 Pin=U1-115
Added Net: Name=XD15
Added Pin To Net: NetName=XRDN Pin=U1-149
Added Net: Name=XRDN
Added Pin To Net: NetName=XREADY Pin=U1-142
Added Net: Name=XREADY
Added Pin To Net: NetName=XRSN Pin=R2-1
Added Pin To Net: NetName=XRSN Pin=U1-80
Added Pin To Net: NetName=XRSN Pin=U7-18
Added Net: Name=XRSN
Added Pin To Net: NetName=XRWN Pin=U1-148
Added Net: Name=XRWN
Added Pin To Net: NetName=XWEN Pin=U1-137
Added Net: Name=XWEN
Added Pin To Net: NetName=XZCS0N Pin=U1-145
Added Net: Name=XZCS0N
Added Pin To Net: NetName=XZCS6N Pin=U1-141
Added Net: Name=XZCS6N
Added Pin To Net: NetName=XZCS7N Pin=U1-150
Added Net: Name=XZCS7N
Added Class: Name=Audio_ADC
Added Class: Name=DSP_Board_Headers
Added Class: Name=DSP_Power
Added Class: Name=TMS320F28335_DSP
Added Class: Name=XA[0..19]
Added Class: Name=XD[0..15]
Added Room: Name=Audio_ADC
Added Room: Name=DSP_Board_Headers
Added Room: Name=DSP_Power
Added Room: Name=TMS320F28335_DSP
Added Rule: Name=Schematic Width Constraint
